app/build/intermediates/manifest_merge_blame_file/debug/manifest-merger-blame-debug-report.txt
1<?xml version="1.0" encoding="utf-8"?>
2<manifest xmlns:android="http://schemas.android.com/apk/res/android"
3    package="email.com.arimaa.game"
4    android:versionCode="5"
5    android:versionName="2.2" >
6
7    <uses-sdk
7-->src\main\AndroidManifest.xml:7:5-9:41
8        android:minSdkVersion="8"
8-->src\main\AndroidManifest.xml:8:9-34
9        android:targetSdkVersion="18" />
9-->src\main\AndroidManifest.xml:9:9-38
10
11    <application
11-->src\main\AndroidManifest.xml:11:5-29:19
12        android:allowBackup="true"
12-->src\main\AndroidManifest.xml:12:9-35
13        android:debuggable="true"
14        android:icon="@drawable/ic_launcher"
14-->src\main\AndroidManifest.xml:13:9-45
15        android:label="@string/app_name"
15-->src\main\AndroidManifest.xml:14:9-41
16        android:theme="@style/AppTheme" >
16-->src\main\AndroidManifest.xml:15:9-40
17        <activity
17-->src\main\AndroidManifest.xml:16:9-24:20
18            android:name="email.com.square.game.arimaa.GameActivity"
18-->src\main\AndroidManifest.xml:17:13-69
19            android:label="@string/app_name" >
19-->src\main\AndroidManifest.xml:18:13-45
20            <intent-filter>
20-->src\main\AndroidManifest.xml:19:13-23:29
21                <action android:name="android.intent.action.MAIN" />
21-->src\main\AndroidManifest.xml:20:17-69
21-->src\main\AndroidManifest.xml:20:25-66
22
23                <category android:name="android.intent.category.LAUNCHER" />
23-->src\main\AndroidManifest.xml:22:17-77
23-->src\main\AndroidManifest.xml:22:27-74
24            </intent-filter>
25        </activity>
26        <activity
26-->src\main\AndroidManifest.xml:25:9-28:20
27            android:name="email.com.square.game.arimaa.SettingsActivity"
27-->src\main\AndroidManifest.xml:26:13-73
28            android:label="@string/title_activity_settings" >
28-->src\main\AndroidManifest.xml:27:13-60
29        </activity>
30    </application>
31
32</manifest>